<?xml version="1.0" encoding="UTF-8"?>
<!-- Generated by org.testng.reporters.JUnitReportReporter -->
<testsuite hostname="LAPTOP-NH203EBA" failures="0" tests="2" name="job.scraper.DELETE_Request" time="0.625" errors="0" timestamp="2022-02-14T17:49:42 EST" skipped="0">
  <testcase classname="job.scraper.DELETE_Request" name="Avalid_Delete" time="0.330"/>
  <system-out/>
  <testcase classname="job.scraper.DELETE_Request" name="invalid_Delete" time="0.295"/>
  <system-out/>
</testsuite> <!-- job.scraper.DELETE_Request -->
