<?xml version="1.0" encoding="UTF-8"?>
<!-- Generated by org.testng.reporters.JUnitReportReporter -->
<testsuite hostname="LAPTOP-NH203EBA" failures="0" tests="2" name="job.scraper.POST_Request" time="1.266" errors="0" timestamp="2022-02-15T12:08:02 EST" skipped="0">
  <testcase classname="job.scraper.POST_Request" name="ANew_Post" time="0.856"/>
  <system-out/>
  <testcase classname="job.scraper.POST_Request" name="Existing_Post" time="0.410"/>
  <system-out/>
</testsuite> <!-- job.scraper.POST_Request -->
