<?xml version="1.0" encoding="UTF-8"?>
<!-- Generated by org.testng.reporters.JUnitReportReporter -->
<testsuite hostname="LAPTOP-NH203EBA" failures="0" tests="2" name="lms.api.lms_POST_Request" time="0.961" errors="0" timestamp="2022-02-14T17:49:42 EST" skipped="0">
  <testcase classname="lms.api.lms_POST_Request" name="ANew_Post_lms" time="0.506"/>
  <system-out/>
  <testcase classname="lms.api.lms_POST_Request" name="_Neg_New_Post_lms" time="0.455"/>
  <system-out/>
</testsuite> <!-- lms.api.lms_POST_Request -->
