<?xml version="1.0" encoding="UTF-8"?>
<!-- Generated by org.testng.reporters.JUnitReportReporter -->
<testsuite hostname="LAPTOP-NH203EBA" failures="0" tests="1" name="lms.api.Post_Schema_Validation" time="2.376" errors="0" timestamp="2022-02-23T12:39:17 EST" skipped="0">
  <testcase classname="lms.api.Post_Schema_Validation" name="ANew_Post_lms" time="2.376"/>
  <system-out>
    <![CDATA[Schema Validation Successful]]>
  </system-out>
</testsuite> <!-- lms.api.Post_Schema_Validation -->
