<?xml version="1.0" encoding="UTF-8"?>
<!-- Generated by org.testng.reporters.JUnitReportReporter -->
<testsuite hostname="LAPTOP-NH203EBA" failures="0" tests="1" name="excelSheet.Utilities.parameterization" time="0.907" errors="0" timestamp="2022-01-18T19:24:51 EST" skipped="0">
  <testcase classname="excelSheet.Utilities.parameterization" name="Existing_Post" time="0.907"/>
  <system-out/>
</testsuite> <!-- excelSheet.Utilities.parameterization -->
