<?xml version="1.0" encoding="UTF-8"?>
<!-- Generated by org.testng.reporters.JUnitReportReporter -->
<testsuite hostname="LAPTOP-NH203EBA" failures="0" tests="4" name="lms.api.lms_GET_ProgramId" time="3.445" errors="0" timestamp="2022-02-16T21:50:21 EST" skipped="0">
  <testcase classname="lms.api.lms_GET_ProgramId" name="A_lms_Get_PrgmID" time="1.496"/>
  <system-out/>
  <testcase classname="lms.api.lms_GET_ProgramId" name="A_lms_Get_PrgmID" time="0.616"/>
  <system-out/>
  <testcase classname="lms.api.lms_GET_ProgramId" name="A_lms_Get_PrgmID" time="0.747"/>
  <system-out/>
  <testcase classname="lms.api.lms_GET_ProgramId" name="Neg_lms_Get_PrgmID" time="0.586"/>
  <system-out/>
</testsuite> <!-- lms.api.lms_GET_ProgramId -->
