<?xml version="1.0" encoding="UTF-8"?>
<!-- Generated by org.testng.reporters.JUnitReportReporter -->
<testsuite hostname="LAPTOP-NH203EBA" failures="0" tests="1" name="lms.api.ResponseBody_Validation" time="5.743" errors="0" timestamp="2022-02-22T17:01:04 EST" skipped="0">
  <testcase classname="lms.api.ResponseBody_Validation" name="responseBody_validate" time="5.743"/>
  <system-out>
    <![CDATA[First retrieved program id   9407
First retrieved program Name  java
First retrieved program Description  Developer
First retrieved isOnline status  null
Expected Status code matches with the actual status code 200]]>
  </system-out>
</testsuite> <!-- lms.api.ResponseBody_Validation -->
