<?xml version="1.0" encoding="UTF-8"?>
<!-- Generated by org.testng.reporters.JUnitReportReporter -->
<testsuite hostname="LAPTOP-NH203EBA" failures="0" tests="1" name="lms.api.post_responsebody_ValidationTest" time="2.656" errors="0" timestamp="2022-02-23T12:48:46 EST" skipped="0">
  <testcase classname="lms.api.post_responsebody_ValidationTest" name="ANew_Post_lms" time="2.656"/>
  <system-out>
    <![CDATA[First retrieved program id   10389
ProgramName VideoGame
ProgramDescription user friendly
Online true]]>
  </system-out>
</testsuite> <!-- lms.api.post_responsebody_ValidationTest -->
