<?xml version="1.0" encoding="UTF-8"?>
<!-- Generated by org.testng.reporters.JUnitReportReporter -->
<testsuite hostname="LAPTOP-NH203EBA" failures="0" tests="1" name="job.scraper.GET_REQUEST_STATUSCODE" time="1.633" errors="0" timestamp="2022-01-18T19:46:06 EST" skipped="0">
  <testcase classname="job.scraper.GET_REQUEST_STATUSCODE" name="get_valid_uri" time="1.633"/>
  <system-out/>
</testsuite> <!-- job.scraper.GET_REQUEST_STATUSCODE -->
