<?xml version="1.0" encoding="UTF-8"?>
<!-- Generated by org.testng.reporters.JUnitReportReporter -->
<testsuite hostname="LAPTOP-NH203EBA" failures="0" tests="2" name="job.scraper.GET_Request" time="2.352" errors="0" timestamp="2022-02-22T22:12:08 EST" skipped="0">
  <testcase classname="job.scraper.GET_Request" name="A_valid_getRequest" time="2.008"/>
  <system-out/>
  <testcase classname="job.scraper.GET_Request" name="invalid_getRequest" time="0.344"/>
  <system-out/>
</testsuite> <!-- job.scraper.GET_Request -->
