<?xml version="1.0" encoding="UTF-8"?>
<!-- Generated by org.testng.reporters.JUnitReportReporter -->
<testsuite hostname="LAPTOP-NH203EBA" failures="0" tests="1" name="Practice_Autimation.Test_Practice" time="1.849" errors="0" timestamp="2022-01-16T14:18:33 EST" skipped="0">
  <testcase classname="Practice_Autimation.Test_Practice" name="Test_Get" time="1.849"/>
  <system-out/>
</testsuite> <!-- Practice_Autimation.Test_Practice -->
