<?xml version="1.0" encoding="UTF-8"?>
<!-- Generated by org.testng.reporters.JUnitReportReporter -->
<testsuite hostname="LAPTOP-NH203EBA" failures="0" tests="1" name="lms.api.Get_Schema_Validation" time="2.694" errors="0" timestamp="2022-02-23T12:44:52 EST" skipped="0">
  <testcase classname="lms.api.Get_Schema_Validation" name="A_Valid_Get_REquest" time="2.694"/>
  <system-out/>
</testsuite> <!-- lms.api.Get_Schema_Validation -->
