<?xml version="1.0" encoding="UTF-8"?>
<!-- Generated by org.testng.reporters.JUnitReportReporter -->
<testsuite hostname="LAPTOP-NH203EBA" failures="0" tests="2" name="lms.api.lms_PUT_Request" time="1.213" errors="0" timestamp="2022-02-15T12:11:35 EST" skipped="0">
  <testcase classname="lms.api.lms_PUT_Request" name="ANew_Put_Request" time="0.930"/>
  <system-out/>
  <testcase classname="lms.api.lms_PUT_Request" name="Neg_Put_Request" time="0.283"/>
  <system-out/>
</testsuite> <!-- lms.api.lms_PUT_Request -->
