<?xml version="1.0" encoding="UTF-8"?>
<!-- Generated by org.testng.reporters.JUnitReportReporter -->
<testsuite hostname="LAPTOP-NH203EBA" failures="0" tests="1" name="excelSheet.Utilities.Delete_Request" time="0.905" errors="0" timestamp="2022-01-20T15:06:02 EST" skipped="0">
  <testcase classname="excelSheet.Utilities.Delete_Request" name="New_delete" time="0.905"/>
  <system-out/>
</testsuite> <!-- excelSheet.Utilities.Delete_Request -->
