<?xml version="1.0" encoding="UTF-8"?>
<!-- Generated by org.testng.reporters.JUnitReportReporter -->
<testsuite hostname="LAPTOP-NH203EBA" failures="0" tests="1" name="Practice_Autimation.POST" time="1.490" errors="0" timestamp="2022-01-21T12:58:17 EST" skipped="0">
  <testcase classname="Practice_Autimation.POST" name="POST1" time="1.490"/>
  <system-out/>
</testsuite> <!-- Practice_Autimation.POST -->
