<?xml version="1.0" encoding="UTF-8"?>
<!-- Generated by org.testng.reporters.JUnitReportReporter -->
<testsuite hostname="LAPTOP-NH203EBA" failures="0" tests="1" name="job.scraper.Get_Schema_Validation" time="2.132" errors="0" timestamp="2022-02-23T15:41:44 EST" skipped="0">
  <testcase classname="job.scraper.Get_Schema_Validation" name="JobsGetAll" time="2.132"/>
  <system-out>
    <![CDATA[Response recieved successfully]]>
  </system-out>
</testsuite> <!-- job.scraper.Get_Schema_Validation -->
