<?xml version="1.0" encoding="UTF-8"?>
<!-- Generated by org.testng.reporters.JUnitReportReporter -->
<testsuite hostname="LAPTOP-NH203EBA" failures="0" tests="1" name="job.scraper.Devi_Post" time="0.000" errors="0" timestamp="2022-01-18T18:53:15 EST" skipped="1">
  <testcase classname="job.scraper.Devi_Post" name="post" time="0.000">
    <skipped/>
  </testcase> <!-- post -->
  <system-out/>
</testsuite> <!-- job.scraper.Devi_Post -->
