<?xml version="1.0" encoding="UTF-8"?>
<!-- Generated by org.testng.reporters.JUnitReportReporter -->
<testsuite hostname="LAPTOP-NH203EBA" failures="0" tests="1" name="lms.api.Schema_Validation" time="2.342" errors="0" timestamp="2022-02-22T10:42:16 EST" skipped="0">
  <testcase classname="lms.api.Schema_Validation" name="A_Valid_Get_REquest" time="2.342"/>
  <system-out/>
</testsuite> <!-- lms.api.Schema_Validation -->
